{"C:\\Users\\synow\\jess\\ADA\\kata\\fizzbuzz\\index.js": {"path":"C:\\Users\\synow\\jess\\ADA\\kata\\fizzbuzz\\index.js","statementMap":{"0":{"start":{"line":2,"column":15},"end":{"line":2,"column":17}},"1":{"start":{"line":3,"column":2},"end":{"line":5,"column":3}},"2":{"start":{"line":4,"column":4},"end":{"line":4,"column":21}},"3":{"start":{"line":6,"column":2},"end":{"line":8,"column":3}},"4":{"start":{"line":7,"column":4},"end":{"line":7,"column":21}},"5":{"start":{"line":9,"column":2},"end":{"line":11,"column":3}},"6":{"start":{"line":10,"column":4},"end":{"line":10,"column":28}},"7":{"start":{"line":12,"column":2},"end":{"line":14,"column":3}},"8":{"start":{"line":13,"column":4},"end":{"line":13,"column":21}},"9":{"start":{"line":15,"column":2},"end":{"line":15,"column":16}},"10":{"start":{"line":19,"column":22},"end":{"line":19,"column":24}},"11":{"start":{"line":20,"column":2},"end":{"line":23,"column":3}},"12":{"start":{"line":20,"column":15},"end":{"line":20,"column":16}},"13":{"start":{"line":21,"column":19},"end":{"line":21,"column":31}},"14":{"start":{"line":22,"column":4},"end":{"line":22,"column":31}},"15":{"start":{"line":24,"column":2},"end":{"line":24,"column":23}},"16":{"start":{"line":28,"column":0},"end":{"line":28,"column":41}}},"fnMap":{"0":{"name":"localBuzz","decl":{"start":{"line":1,"column":9},"end":{"line":1,"column":18}},"loc":{"start":{"line":1,"column":27},"end":{"line":16,"column":1}},"line":1},"1":{"name":"fizzBuzz","decl":{"start":{"line":18,"column":9},"end":{"line":18,"column":17}},"loc":{"start":{"line":18,"column":20},"end":{"line":25,"column":1}},"line":18}},"branchMap":{"0":{"loc":{"start":{"line":3,"column":2},"end":{"line":5,"column":3}},"type":"if","locations":[{"start":{"line":3,"column":2},"end":{"line":5,"column":3}},{"start":{},"end":{}}],"line":3},"1":{"loc":{"start":{"line":3,"column":6},"end":{"line":3,"column":57}},"type":"binary-expr","locations":[{"start":{"line":3,"column":6},"end":{"line":3,"column":22}},{"start":{"line":3,"column":26},"end":{"line":3,"column":57}}],"line":3},"2":{"loc":{"start":{"line":6,"column":2},"end":{"line":8,"column":3}},"type":"if","locations":[{"start":{"line":6,"column":2},"end":{"line":8,"column":3}},{"start":{},"end":{}}],"line":6},"3":{"loc":{"start":{"line":6,"column":6},"end":{"line":6,"column":57}},"type":"binary-expr","locations":[{"start":{"line":6,"column":6},"end":{"line":6,"column":22}},{"start":{"line":6,"column":26},"end":{"line":6,"column":57}}],"line":6},"4":{"loc":{"start":{"line":9,"column":2},"end":{"line":11,"column":3}},"type":"if","locations":[{"start":{"line":9,"column":2},"end":{"line":11,"column":3}},{"start":{},"end":{}}],"line":9},"5":{"loc":{"start":{"line":12,"column":2},"end":{"line":14,"column":3}},"type":"if","locations":[{"start":{"line":12,"column":2},"end":{"line":14,"column":3}},{"start":{},"end":{}}],"line":12}},"s":{"0":2,"1":2,"2":1,"3":2,"4":1,"5":2,"6":0,"7":2,"8":0,"9":2,"10":0,"11":0,"12":0,"13":0,"14":0,"15":0,"16":1},"f":{"0":2,"1":0},"b":{"0":[1,1],"1":[2,1],"2":[1,1],"3":[2,1],"4":[0,2],"5":[0,2]},"_coverageSchema":"1a1c01bbd47fc00a2c39e90264f33305004495a9","hash":"79953834677e3f2929156184d350cad882946a7f"}
}
